2025-07-19 15:51:11,826 -  nornir.core -     INFO -        run() - Running task 'netmiko_send_command' with args {'command_string': 'show interfaces status', 'read_timeout': 30} on 1 hosts
2025-07-19 16:00:22,930 -  nornir.core -     INFO -        run() - Running task 'netmiko_send_command' with args {'command_string': 'show interfaces status', 'read_timeout': 30} on 1 hosts
2025-07-19 16:43:50,104 -  nornir.core -     INFO -        run() - Running task 'netmiko_send_command' with args {'command_string': 'show interfaces status', 'read_timeout': 30} on 1 hosts
2025-07-20 16:33:06,184 -  nornir.core -     INFO -        run() - Running task 'netmiko_send_command' with args {'command_string': 'show ip bgp summary', 'read_timeout': 30} on 1 hosts
2025-07-20 16:34:46,347 -  nornir.core -     INFO -        run() - Running task 'netmiko_send_command' with args {'command_string': 'show arp', 'read_timeout': 30} on 1 hosts
2025-07-20 16:36:02,893 -  nornir.core -     INFO -        run() - Running task 'netmiko_send_command' with args {'command_string': 'show interfaces status', 'read_timeout': 30} on 1 hosts
2025-07-20 17:10:12,093 -  nornir.core -     INFO -        run() - Running task 'netmiko_send_command' with args {'command_string': 'show interfaces status', 'read_timeout': 30} on 1 hosts
2025-07-20 17:10:38,077 -  nornir.core -     INFO -        run() - Running task 'netmiko_send_command' with args {'command_string': 'show version', 'read_timeout': 30} on 1 hosts
2025-07-20 17:11:11,238 -  nornir.core -     INFO -        run() - Running task 'netmiko_send_command' with args {'command_string': 'show mac address-table', 'read_timeout': 30} on 1 hosts
2025-07-21 13:42:20,749 -  nornir.core -     INFO -        run() - Running task 'netmiko_send_command' with args {'command_string': 'show version', 'read_timeout': 30} on 1 hosts
2025-07-21 13:43:28,076 -  nornir.core -     INFO -        run() - Running task 'netmiko_send_command' with args {'command_string': 'show ip bgp summary', 'read_timeout': 30} on 2 hosts
2025-07-21 13:43:52,509 -  nornir.core -     INFO -        run() - Running task 'netmiko_send_command' with args {'command_string': 'show ip bgp summary', 'read_timeout': 30} on 1 hosts
2025-07-21 13:44:17,104 -  nornir.core -     INFO -        run() - Running task 'netmiko_send_command' with args {'command_string': 'show ip bgp summary', 'read_timeout': 30} on 1 hosts
2025-07-21 18:53:17,929 -  nornir.core -     INFO -        run() - Running task 'netmiko_send_command' with args {'command_string': 'show version', 'read_timeout': 30} on 1 hosts
2025-07-21 18:57:10,264 -  nornir.core -     INFO -        run() - Running task 'netmiko_send_command' with args {'command_string': 'show version', 'read_timeout': 30} on 1 hosts
2025-07-21 19:00:22,199 -  nornir.core -     INFO -        run() - Running task 'netmiko_send_command' with args {'command_string': 'show version', 'read_timeout': 30} on 1 hosts
2025-07-21 19:03:32,281 -  nornir.core -     INFO -        run() - Running task 'netmiko_send_command' with args {'command_string': 'show version', 'read_timeout': 30} on 1 hosts
2025-07-21 19:21:23,301 -  nornir.core -     INFO -        run() - Running task 'netmiko_send_command' with args {'command_string': 'show version', 'read_timeout': 30} on 1 hosts
2025-07-21 19:25:07,355 -  nornir.core -     INFO -        run() - Running task 'netmiko_send_command' with args {'command_string': 'show version', 'read_timeout': 30} on 1 hosts
2025-07-21 20:45:04,844 -  nornir.core -     INFO -        run() - Running task 'netmiko_send_command' with args {'command_string': 'show version', 'read_timeout': 30} on 1 hosts
2025-07-21 20:58:01,603 -  nornir.core -     INFO -        run() - Running task 'netmiko_send_command' with args {'command_string': 'show version', 'read_timeout': 30} on 1 hosts
2025-07-21 21:04:21,379 -  nornir.core -     INFO -        run() - Running task 'netmiko_send_command' with args {'command_string': 'show version', 'read_timeout': 30} on 1 hosts
2025-07-21 21:04:57,762 -  nornir.core -     INFO -        run() - Running task 'netmiko_send_command' with args {'command_string': 'show version', 'read_timeout': 30} on 1 hosts
2025-07-21 21:11:19,307 -  nornir.core -     INFO -        run() - Running task 'netmiko_send_command' with args {'command_string': 'show version', 'read_timeout': 30} on 1 hosts
2025-07-22 00:41:35,793 -  nornir.core -     INFO -        run() - Running task 'netmiko_send_command' with args {'command_string': 'show interfaces statistics', 'read_timeout': 30} on 3 hosts
2025-07-22 00:53:08,111 -  nornir.core -     INFO -        run() - Running task 'netmiko_send_command' with args {'command_string': 'show interfaces statistics', 'read_timeout': 30} on 3 hosts
2025-07-22 01:02:14,811 -  nornir.core -     INFO -        run() - Running task 'netmiko_send_command' with args {'command_string': 'show interfaces statistics', 'read_timeout': 30} on 3 hosts
2025-07-22 01:03:02,427 -  nornir.core -     INFO -        run() - Running task 'netmiko_send_command' with args {'command_string': 'show ip bgp summary', 'read_timeout': 30} on 1 hosts
2025-07-22 01:03:46,164 -  nornir.core -     INFO -        run() - Running task 'netmiko_send_command' with args {'command_string': 'show ip route', 'read_timeout': 30} on 1 hosts
2025-07-22 01:04:24,424 -  nornir.core -     INFO -        run() - Running task 'netmiko_send_command' with args {'command_string': 'show ip route', 'read_timeout': 30} on 1 hosts
2025-07-22 01:05:13,585 -  nornir.core -     INFO -        run() - Running task 'netmiko_send_command' with args {'command_string': 'show route-table spine1 detail', 'read_timeout': 30} on 1 hosts
2025-07-22 01:12:20,563 -  nornir.core -     INFO -        run() - Running task 'netmiko_send_command' with args {'command_string': 'show ip route', 'read_timeout': 30} on 1 hosts
2025-07-22 01:13:05,717 -  nornir.core -     INFO -        run() - Running task 'netmiko_send_command' with args {'command_string': 'show interfaces counters', 'read_timeout': 30} on 1 hosts
2025-07-22 01:13:40,678 -  nornir.core -     INFO -        run() - Running task 'netmiko_send_command' with args {'command_string': 'show interfaces counters', 'read_timeout': 30} on 1 hosts
2025-07-22 12:46:34,759 -  nornir.core -     INFO -        run() - Running task 'netmiko_send_command' with args {'command_string': 'show bgp vrf all neighbors spine1', 'read_timeout': 30} on 1 hosts
2025-07-22 12:47:19,440 -  nornir.core -     INFO -        run() - Running task 'netmiko_send_command' with args {'command_string': 'show ip bgp summary', 'read_timeout': 30} on 1 hosts
2025-07-22 12:53:54,847 -  nornir.core -     INFO -        run() - Running task 'netmiko_send_command' with args {'command_string': 'show bgp vrf all spine1', 'read_timeout': 30} on 1 hosts
2025-07-22 12:57:40,059 -  nornir.core -     INFO -        run() - Running task 'netmiko_send_command' with args {'command_string': 'show bgp vrf all neighbors spine1', 'read_timeout': 30} on 1 hosts
2025-07-22 12:58:42,472 -  nornir.core -     INFO -        run() - Running task 'netmiko_send_command' with args {'command_string': 'show bgp neighbors spine1', 'read_timeout': 30} on 1 hosts
2025-07-22 13:04:54,648 -  nornir.core -     INFO -        run() - Running task 'netmiko_send_command' with args {'command_string': 'show bgp neighbors', 'read_timeout': 30} on 1 hosts
2025-07-22 13:06:50,743 -  nornir.core -     INFO -        run() - Running task 'netmiko_send_command' with args {'command_string': 'show ip bgp summary', 'read_timeout': 30} on 1 hosts
2025-07-22 13:11:22,252 -  nornir.core -     INFO -        run() - Running task 'netmiko_send_command' with args {'command_string': 'show ip bgp summary', 'read_timeout': 30} on 1 hosts
2025-07-22 13:13:53,218 -  nornir.core -     INFO -        run() - Running task 'netmiko_send_command' with args {'command_string': 'show ip bgp summary', 'read_timeout': 30} on 1 hosts
2025-07-22 13:17:33,319 -  nornir.core -     INFO -        run() - Running task 'netmiko_send_command' with args {'command_string': 'show ip bgp summary', 'read_timeout': 30} on 1 hosts
2025-07-22 13:20:40,885 -  nornir.core -     INFO -        run() - Running task 'netmiko_send_command' with args {'command_string': 'show ip bgp summary', 'read_timeout': 30} on 1 hosts
2025-07-22 13:32:25,861 -  nornir.core -     INFO -        run() - Running task 'netmiko_send_command' with args {'command_string': 'show ip bgp summary', 'read_timeout': 30} on 1 hosts
2025-07-22 13:35:15,797 -  nornir.core -     INFO -        run() - Running task 'netmiko_send_command' with args {'command_string': 'show ip bgp summary', 'read_timeout': 30} on 1 hosts
2025-07-22 13:37:52,714 -  nornir.core -     INFO -        run() - Running task 'netmiko_send_command' with args {'command_string': 'show ip bgp summary', 'read_timeout': 30} on 1 hosts
2025-07-22 13:56:34,176 -  nornir.core -     INFO -        run() - Running task 'netmiko_send_command' with args {'command_string': 'show ip bgp summary', 'read_timeout': 30} on 1 hosts
2025-07-23 13:57:15,070 -  nornir.core -     INFO -        run() - Running task 'netmiko_send_command' with args {'command_string': 'show bgp summary', 'read_timeout': 30} on 1 hosts
2025-07-23 17:02:38,995 -  nornir.core -     INFO -        run() - Running task 'netmiko_send_command' with args {'command_string': 'show bgp summary', 'read_timeout': 30} on 1 hosts
2025-07-23 17:05:13,586 -  nornir.core -     INFO -        run() - Running task 'netmiko_send_command' with args {'command_string': 'show bgp summary', 'read_timeout': 30} on 1 hosts
2025-07-23 17:08:13,105 -  nornir.core -     INFO -        run() - Running task 'netmiko_send_command' with args {'command_string': 'show bgp summary', 'read_timeout': 30} on 1 hosts
2025-07-23 17:09:25,440 -  nornir.core -     INFO -        run() - Running task 'netmiko_send_command' with args {'command_string': 'show bgp summary', 'read_timeout': 30} on 1 hosts
2025-07-23 17:10:24,899 -  nornir.core -     INFO -        run() - Running task 'netmiko_send_command' with args {'command_string': 'show bgp summary', 'read_timeout': 30} on 1 hosts
2025-07-23 17:13:03,894 -  nornir.core -     INFO -        run() - Running task 'netmiko_send_command' with args {'command_string': 'show bgp summary', 'read_timeout': 30} on 1 hosts
2025-07-23 17:55:46,913 -  nornir.core -     INFO -        run() - Running task 'netmiko_send_command' with args {'command_string': 'show bgp neighbors', 'read_timeout': 30} on 1 hosts
2025-07-23 17:55:53,779 -  nornir.core -     INFO -        run() - Running task 'netmiko_send_command' with args {'command_string': 'show bgp neighbors', 'read_timeout': 30} on 1 hosts
2025-07-23 17:56:31,565 -  nornir.core -     INFO -        run() - Running task 'netmiko_send_command' with args {'command_string': 'show bgp neighbors', 'read_timeout': 30} on 1 hosts
2025-07-23 18:05:11,791 -  nornir.core -     INFO -        run() - Running task 'netmiko_send_command' with args {'command_string': 'show bgp neighbors', 'read_timeout': 30} on 1 hosts
2025-07-23 18:05:39,433 -  nornir.core -     INFO -        run() - Running task 'netmiko_send_command' with args {'command_string': 'show bgp neighbors', 'read_timeout': 30} on 1 hosts
2025-07-23 18:15:21,553 -  nornir.core -     INFO -        run() - Running task 'netmiko_send_command' with args {'command_string': 'show bgp neighbors', 'read_timeout': 30} on 1 hosts
2025-07-23 18:17:56,124 -  nornir.core -     INFO -        run() - Running task 'netmiko_send_command' with args {'command_string': 'show bgp neighbors', 'read_timeout': 30} on 1 hosts
2025-07-23 18:18:09,108 -  nornir.core -     INFO -        run() - Running task 'netmiko_send_command' with args {'command_string': 'show bgp neighbors', 'read_timeout': 30} on 1 hosts
2025-07-23 18:25:54,785 -  nornir.core -     INFO -        run() - Running task 'netmiko_send_command' with args {'command_string': 'show bgp neighbors', 'read_timeout': 30} on 1 hosts
2025-07-23 18:26:13,554 -  nornir.core -     INFO -        run() - Running task 'netmiko_send_command' with args {'command_string': 'show bgp neighbors', 'read_timeout': 30} on 1 hosts
2025-07-23 18:26:29,232 -  nornir.core -     INFO -        run() - Running task 'netmiko_send_command' with args {'command_string': 'show bgp neighbors', 'read_timeout': 30} on 1 hosts
2025-07-23 18:29:01,004 -  nornir.core -     INFO -        run() - Running task 'netmiko_send_command' with args {'command_string': 'show bgp neighbors', 'read_timeout': 30} on 1 hosts
2025-07-23 18:37:20,358 -  nornir.core -     INFO -        run() - Running task 'netmiko_send_command' with args {'command_string': 'show bgp neighbors', 'read_timeout': 30} on 1 hosts
2025-07-23 18:41:02,118 -  nornir.core -     INFO -        run() - Running task 'netmiko_send_command' with args {'command_string': 'show bgp neighbors', 'read_timeout': 30} on 1 hosts
2025-07-23 18:41:46,466 -  nornir.core -     INFO -        run() - Running task 'netmiko_send_command' with args {'command_string': 'show interfaces state', 'read_timeout': 30} on 2 hosts
2025-07-26 13:37:00,501 -  nornir.core -     INFO -        run() - Running task 'netmiko_send_command' with args {'command_string': 'show version', 'read_timeout': 30} on 1 hosts
2025-07-26 14:03:28,450 -  nornir.core -     INFO -        run() - Running task 'netmiko_send_command' with args {'command_string': 'show version', 'read_timeout': 30} on 1 hosts
2025-07-26 14:04:43,974 -  nornir.core -     INFO -        run() - Running task 'netmiko_send_command' with args {'command_string': 'show version', 'read_timeout': 30} on 1 hosts
2025-07-27 15:25:46,050 -  nornir.core -     INFO -        run() - Running task 'netmiko_send_command' with args {'command_string': 'show version', 'read_timeout': 30} on 1 hosts
2025-07-27 15:25:49,605 - nornir.core.task -    ERROR -      start() - Host 'leaf1': task 'netmiko_send_command' failed with traceback:
Traceback (most recent call last):
  File "/home/lab/net-chatbot/.venv/lib/python3.12/site-packages/netmiko/base_connection.py", line 1146, in establish_connection
    self.remote_conn_pre.connect(**ssh_connect_params)
  File "/home/lab/net-chatbot/.venv/lib/python3.12/site-packages/paramiko/client.py", line 409, in connect
    raise NoValidConnectionsError(errors)
paramiko.ssh_exception.NoValidConnectionsError: [Errno None] Unable to connect to port 22 on 172.31.31.2

During handling of the above exception, another exception occurred:

Traceback (most recent call last):
  File "/home/lab/net-chatbot/.venv/lib/python3.12/site-packages/nornir/core/task.py", line 98, in start
    r = self.task(self, **self.params)
        ^^^^^^^^^^^^^^^^^^^^^^^^^^^^^^
  File "/home/lab/net-chatbot/.venv/lib/python3.12/site-packages/nornir_netmiko/tasks/netmiko_send_command.py", line 26, in netmiko_send_command
    net_connect = task.host.get_connection(CONNECTION_NAME, task.nornir.config)
                  ^^^^^^^^^^^^^^^^^^^^^^^^^^^^^^^^^^^^^^^^^^^^^^^^^^^^^^^^^^^^^
  File "/home/lab/net-chatbot/.venv/lib/python3.12/site-packages/nornir/core/inventory.py", line 476, in get_connection
    self.open_connection(
  File "/home/lab/net-chatbot/.venv/lib/python3.12/site-packages/nornir/core/inventory.py", line 528, in open_connection
    conn_obj.open(
  File "/home/lab/net-chatbot/.venv/lib/python3.12/site-packages/nornir_netmiko/connections/netmiko.py", line 59, in open
    connection = ConnectHandler(**parameters)
                 ^^^^^^^^^^^^^^^^^^^^^^^^^^^^
  File "/home/lab/net-chatbot/.venv/lib/python3.12/site-packages/netmiko/ssh_dispatcher.py", line 460, in ConnectHandler
    return ConnectionClass(*args, **kwargs)
           ^^^^^^^^^^^^^^^^^^^^^^^^^^^^^^^^
  File "/home/lab/net-chatbot/.venv/lib/python3.12/site-packages/netmiko/base_connection.py", line 495, in __init__
    self._open()
  File "/home/lab/net-chatbot/.venv/lib/python3.12/site-packages/netmiko/base_connection.py", line 500, in _open
    self.establish_connection()
  File "/home/lab/net-chatbot/.venv/lib/python3.12/site-packages/netmiko/base_connection.py", line 1168, in establish_connection
    raise NetmikoTimeoutException(msg)
netmiko.exceptions.NetmikoTimeoutException: TCP connection to device failed.

Common causes of this problem are:
1. Incorrect hostname or IP address.
2. Wrong TCP port.
3. Intermediate firewall blocking access.

Device settings: arista_eos 172.31.31.2:22



2025-07-27 15:27:55,348 -  nornir.core -     INFO -        run() - Running task 'netmiko_send_command' with args {'command_string': 'show version', 'read_timeout': 30} on 1 hosts
2025-07-27 15:28:59,715 -  nornir.core -     INFO -        run() - Running task 'netmiko_send_command' with args {'command_string': 'show version', 'read_timeout': 30} on 1 hosts
